<?xml version="1.0" encoding="utf-8"?><testsuites name="pytest tests"><testsuite name="pytest" errors="0" failures="0" skipped="0" tests="488" time="115.667" timestamp="2026-09-26T05:43:24.301515+00:00" hostname="node156"><testcase classname="tests.api.test_app" name="test_health_and_run_projection_endpoints[asyncio]" time="0.485" /><testcase classname="tests.api.test_app" name="test_invocation_and_human_request_read_endpoints_are_namespace_scoped[asyncio]" time="0.388" /><testcase classname="tests.api.test_app" name="test_runtime_allows_local_inspector_origin[asyncio]" time="0.204" /><testcase classname="tests.api.test_app" name="test_event_payload_keys_are_not_camelized_or_overwritten[asyncio]" time="0.211" /><testcase classname="tests.api.test_app" name="test_stale_control_returns_json_state_conflict[asyncio]" time="0.396" /><testcase classname="tests.api.test_app" name="test_sse_replays_events_with_sequence_ids[asyncio]" time="0.237" /><testcase classname="tests.api.test_app" name="test_human_request_can_be_decided_over_http[asyncio]" time="0.416" /><testcase classname="tests.api.test_app" name="test_authorized_artifact_metadata_and_content_can_be_read_over_http[asyncio]" time="0.213" /><testcase classname="tests.api.test_app" name="test_artifact_read_does_not_leak_across_namespaces[asyncio]" time="0.221" /><testcase classname="tests.api.test_app" name="test_command_can_be_queried_after_create[asyncio]" time="0.415" /><testcase classname="tests.api.test_app" name="test_run_create_rejects_a_namespace_different_from_authenticated_subject[asyncio]" time="0.224" /><testcase classname="tests.api.test_app" name="test_attempt_reconcile_uses_authenticated_subject_and_persistent_receipt[asyncio]" time="0.470" /><testcase classname="tests.cli.test_catalog_cli" name="test_capabilities_executor_schema_and_unknown_reference" time="0.036" /><testcase classname="tests.cli.test_catalog_cli" name="test_missing_catalog_is_structured_failure_before_runtime[validate]" time="0.010" /><testcase classname="tests.cli.test_catalog_cli" name="test_missing_catalog_is_structured_failure_before_runtime[preflight]" time="0.014" /><testcase classname="tests.cli.test_catalog_cli" name="test_missing_catalog_is_structured_failure_before_runtime[run]" time="0.009" /><testcase classname="tests.cli.test_catalog_cli" name="test_missing_catalog_is_structured_failure_before_runtime[worker]" time="0.010" /><testcase classname="tests.cli.test_catalog_cli" name="test_missing_catalog_is_structured_failure_before_runtime[sweep]" time="0.010" /><testcase classname="tests.cli.test_catalog_cli" name="test_missing_catalog_is_structured_failure_before_runtime[resume]" time="0.008" /><testcase classname="tests.cli.test_catalog_cli" name="test_missing_catalog_is_structured_failure_before_runtime[rerun]" time="0.011" /><testcase classname="tests.cli.test_catalog_cli" name="test_missing_catalog_is_structured_failure_before_runtime[decide]" time="0.009" /><testcase classname="tests.cli.test_catalog_cli" name="test_missing_catalog_is_structured_failure_before_runtime[capabilities]" time="0.009" /><testcase classname="tests.cli.test_catalog_cli" name="test_old_binding_with_explicit_catalog_and_stable_settings_snapshot" time="0.389" /><testcase classname="tests.cli.test_catalog_cli" name="test_cli_serve_api_and_cli_worker_use_custom_http_catalog[asyncio]" time="1.104" /><testcase classname="tests.cli.test_catalog_cli" name="test_public_runtime_imports_are_independent_of_import_order[compiler.preflight]" time="0.451" /><testcase classname="tests.cli.test_catalog_cli" name="test_public_runtime_imports_are_independent_of_import_order[runtime]" time="0.449" /><testcase classname="tests.cli.test_catalog_cli" name="test_missing_serve_catalog_does_not_create_token_or_database" time="0.009" /><testcase classname="tests.cli.test_preflight" name="test_static_valid_remote_binding_reports_all_registry_gaps" time="0.073" /><testcase classname="tests.cli.test_preflight" name="test_local_preflight_is_deterministic_and_does_not_dispatch" time="0.134" /><testcase classname="tests.cli.test_preflight" name="test_invalid_inputs_return_machine_readable_diagnostics[package0-binding0]" time="0.008" /><testcase classname="tests.cli.test_preflight" name="test_invalid_inputs_return_machine_readable_diagnostics[package1-binding1]" time="0.017" /><testcase classname="tests.cli.test_preflight" name="test_invalid_inputs_return_machine_readable_diagnostics[package2-binding2]" time="0.013" /><testcase classname="tests.cli.test_preflight" name="test_registry_snapshot_can_report_only_unverified_without_claiming_other_gaps" time="0.074" /><testcase classname="tests.cli.test_preflight" name="test_binding_changes_between_compile_and_preflight_are_rejected" time="0.066" /><testcase classname="tests.cli.test_preflight" name="test_local_process_catalog_does_not_claim_a_sandbox" time="0.001" /><testcase classname="tests.cli.test_preflight" name="test_capability_mismatch_points_to_existing_binding_field" time="0.072" /><testcase classname="tests.cli.test_preflight" name="test_preflight_checks_non_entrypoint_workflows" time="0.164" /><testcase classname="tests.cli.test_preflight" name="test_remote_preflight_does_not_connect_to_executor" time="0.063" /><testcase classname="tests.cli.test_preflight" name="test_preflight_report_matches_schema[package0-binding0]" time="0.074" /><testcase classname="tests.cli.test_preflight" name="test_preflight_report_matches_schema[package1-binding1]" time="0.077" /><testcase classname="tests.cli.test_preflight" name="test_preflight_report_matches_schema[package2-binding2]" time="0.012" /><testcase classname="tests.cli.test_runtime" name="test_run_inspect_and_decide_commands_drive_local_runtime" time="0.424" /><testcase classname="tests.cli.test_runtime" name="test_cli_submits_a_structured_human_decision_file" time="0.424" /><testcase classname="tests.cli.test_runtime" name="test_cli_worker_once_processes_pending_progress_intent" time="0.454" /><testcase classname="tests.cli.test_runtime" name="test_cli_pause_resume_and_cancel_commands_use_run_versions" time="0.468" /><testcase classname="tests.cli.test_runtime" name="test_cli_inspect_graph_exports_a_runtime_projection" time="0.319" /><testcase classname="tests.cli.test_runtime" name="test_cli_runs_manual_input_artifact_trial_end_to_end" time="0.269" /><testcase classname="tests.cli.test_runtime" name="test_cli_sweep_resumes_a_persisted_human_progress_intent" time="0.452" /><testcase classname="tests.cli.test_serve" name="test_serve_help_describes_local_service_without_starting_runtime" time="0.066" /><testcase classname="tests.cli.test_validate" name="test_compiler_capability_catalog_uses_local_executor_registry" time="0.001" /><testcase classname="tests.cli.test_validate" name="test_validate_json_returns_a_serializable_execution_plan" time="0.064" /><testcase classname="tests.cli.test_validate" name="test_validate_json_returns_diagnostics_and_exit_code_two" time="0.011" /><testcase classname="tests.cli.test_validate" name="test_capabilities_command_reports_support_levels" time="0.008" /><testcase classname="tests.compiler.test_compile_package" name="test_content_delivery_compiles_to_serializable_deterministic_plans" time="0.115" /><testcase classname="tests.compiler.test_compile_package" name="test_compiler_reports_unresolved_binding_slot" time="0.057" /><testcase classname="tests.compiler.test_compile_package" name="test_compiler_reports_an_unknown_executor_in_the_binding_file" time="0.056" /><testcase classname="tests.compiler.test_compile_package" name="test_compiler_rejects_an_executor_adapter_mismatch" time="0.056" /><testcase classname="tests.compiler.test_compile_package" name="test_compiler_inherits_workflow_retry_defaults_into_the_plan" time="0.013" /><testcase classname="tests.compiler.test_compile_package" name="test_compiler_allows_a_failed_call_to_feed_its_on_error_handler" time="0.018" /><testcase classname="tests.compiler.test_compile_package" name="test_compiler_rejects_schema_paths_without_json_suffix" time="0.005" /><testcase classname="tests.compiler.test_compile_package" name="test_compiler_rejects_schema_refs_that_escape_the_package" time="0.005" /><testcase classname="tests.compiler.test_compile_package" name="test_compiler_rejects_recursive_nested_workflows" time="0.004" /><testcase classname="tests.compiler.test_compile_package" name="test_compiler_rejects_nested_workflow_depth_above_eight" time="0.013" /><testcase classname="tests.compiler.test_compile_package" name="test_compiler_rejects_a_missing_nested_workflow_reference" time="0.005" /><testcase classname="tests.compiler.test_compile_package" name="test_compiler_resolves_schema_refs_relative_to_the_schema_file" time="0.057" /><testcase classname="tests.compiler.test_compile_package" name="test_compiler_rejects_a_package_path_that_escapes_the_root" time="0.003" /><testcase classname="tests.compiler.test_compile_package" name="test_compiler_rejects_a_reference_from_only_one_switch_branch" time="0.020" /><testcase classname="tests.compiler.test_compile_package" name="test_compiler_rejects_a_missing_input_pointer" time="0.014" /><testcase classname="tests.compiler.test_compile_package" name="test_compiler_rejects_a_missing_nested_workflow_output_pointer" time="0.011" /><testcase classname="tests.compiler.test_compile_package" name="test_compiler_rejects_a_business_field_on_an_error_path" time="0.017" /><testcase classname="tests.compiler.test_compile_package" name="test_compiler_rejects_an_adapter_mismatch_and_plain_secret_reference" time="0.010" /><testcase classname="tests.compiler.test_compile_package" name="test_compiler_rejects_missing_declared_package_resources" time="0.004" /><testcase classname="tests.compiler.test_compile_package" name="test_compiler_rejects_a_stale_package_lock" time="0.005" /><testcase classname="tests.compiler.test_negative_packages" name="test_p0_negative_package_is_rejected[dangling-edge-INVALID_EDGE]" time="0.004" /><testcase classname="tests.compiler.test_negative_packages" name="test_p0_negative_package_is_rejected[same-level-cycle-GRAPH_CYCLE]" time="0.004" /><testcase classname="tests.compiler.test_negative_packages" name="test_p0_negative_package_is_rejected[missing-data-reference-DATA_REFERENCE_MISSING]" time="0.010" /><testcase classname="tests.compiler.test_negative_packages" name="test_p0_negative_package_is_rejected[switch-without-default-INVALID_SPEC]" time="0.004" /><testcase classname="tests.compiler.test_negative_packages" name="test_p0_negative_package_is_rejected[repeat-overflow-INVALID_SPEC]" time="0.003" /><testcase classname="tests.compiler.test_negative_packages" name="test_p0_negative_package_is_rejected[unknown-required-feature-UNSUPPORTED_FEATURE]" time="0.002" /><testcase classname="tests.compiler.test_negative_packages" name="test_p0_negative_package_is_rejected[secret-material-PACKAGE_SECRET_MATERIAL]" time="0.002" /><testcase classname="tests.compiler.test_schema_references" name="test_schema_validation_rejects_a_missing_local_fragment" time="0.003" /><testcase classname="tests.development.test_milestone_gate" name="test_resume_active" time="0.043" /><testcase classname="tests.development.test_milestone_gate" name="test_dependencies_not_pushed_and_independent_ready" time="0.045" /><testcase classname="tests.development.test_milestone_gate" name="test_pre_push_rejects_missing_or_stale_evidence[review]" time="0.058" /><testcase classname="tests.development.test_milestone_gate" name="test_pre_push_rejects_missing_or_stale_evidence[snapshot]" time="0.056" /><testcase classname="tests.development.test_milestone_gate" name="test_pre_push_rejects_missing_or_stale_evidence[test]" time="0.059" /><testcase classname="tests.development.test_milestone_gate" name="test_pre_push_rejects_missing_or_stale_evidence[live]" time="0.059" /><testcase classname="tests.development.test_milestone_gate" name="test_pre_push_rejects_missing_or_stale_evidence[untracked]" time="0.058" /><testcase classname="tests.development.test_milestone_gate" name="test_pre_push_rejects_missing_or_stale_evidence[mode]" time="0.057" /><testcase classname="tests.development.test_milestone_gate" name="test_implementation_push_failure_prioritized" time="0.044" /><testcase classname="tests.development.test_milestone_gate" name="test_receipt_pending_then_verified_remote_ancestor" time="0.479" /><testcase classname="tests.development.test_milestone_gate" name="test_remote_report_tampering_rejected" time="0.187" /><testcase classname="tests.development.test_milestone_gate" name="test_waiting_external_due_and_independent_ready" time="0.063" /><testcase classname="tests.development.test_milestone_gate" name="test_waiting_external_missing_isolation_or_recovery_refused[isolated_environment]" time="0.068" /><testcase classname="tests.development.test_milestone_gate" name="test_waiting_external_missing_isolation_or_recovery_refused[resume_command]" time="0.053" /><testcase classname="tests.development.test_milestone_gate" name="test_waiting_external_missing_isolation_or_recovery_refused[log_ref]" time="0.049" /><testcase classname="tests.development.test_milestone_gate" name="test_waiting_external_missing_isolation_or_recovery_refused[task_id]" time="0.050" /><testcase classname="tests.development.test_milestone_gate" name="test_waiting_external_same_workspace_refused" time="0.052" /><testcase classname="tests.development.test_milestone_gate" name="test_plan_cycles_and_unknown_status" time="0.043" /><testcase classname="tests.development.test_milestone_gate" name="test_cli_json_and_exit_codes" time="0.052" /><testcase classname="tests.development.test_milestone_gate" name="test_injected_state_and_report" time="0.064" /><testcase classname="tests.development.test_milestone_gate" name="test_missing_and_uncommitted_reference_rejected" time="0.174" /><testcase classname="tests.development.test_milestone_gate" name="test_nonrequired_test_records_are_fully_validated[missing_log]" time="0.058" /><testcase classname="tests.development.test_milestone_gate" name="test_nonrequired_test_records_are_fully_validated[stale_snapshot]" time="0.065" /><testcase classname="tests.development.test_milestone_gate" name="test_nonrequired_test_records_are_fully_validated[missing_command]" time="0.059" /><testcase classname="tests.development.test_milestone_gate" name="test_nonrequired_test_records_are_fully_validated[bad_counts]" time="0.059" /><testcase classname="tests.development.test_milestone_gate" name="test_nonrequired_log_must_be_preserved_in_git_history[implementation]" time="0.196" /><testcase classname="tests.development.test_milestone_gate" name="test_nonrequired_log_must_be_preserved_in_git_history[remote]" time="0.215" /><testcase classname="tests.development.test_milestone_gate" name="test_required_record_cannot_be_omitted" time="0.053" /><testcase classname="tests.e2e.test_service_workflow" name="test_http_workflow_survives_client_disconnect[asyncio]" time="0.429" /><testcase classname="tests.execution_host.test_artifacts" name="test_host_rejects_unsafe_or_excessive_artifacts[-declarations0]" time="0.600" /><testcase classname="tests.execution_host.test_artifacts" name="test_host_rejects_unsafe_or_excessive_artifacts[Path('bad').symlink_to('/etc/hosts')-declarations1]" time="0.600" /><testcase classname="tests.execution_host.test_artifacts" name="test_host_rejects_unsafe_or_excessive_artifacts[Path('bad').mkdir()-declarations2]" time="0.648" /><testcase classname="tests.execution_host.test_artifacts" name="test_host_rejects_unsafe_or_excessive_artifacts[Path('bad').write_bytes(b'x'*1048577)-declarations3]" time="0.616" /><testcase classname="tests.execution_host.test_artifacts" name="test_host_rejects_unsafe_or_excessive_artifacts[Path('bad').write_bytes(b'x')-declarations4]" time="0.657" /><testcase classname="tests.execution_host.test_artifacts" name="test_host_rejects_unsafe_or_excessive_artifacts[Path('bad').write_bytes(b'x'*1048576)-declarations5]" time="0.713" /><testcase classname="tests.execution_host.test_artifacts" name="test_real_program_file_imported_by_runtime_and_read_through_artifact_acl" time="1.009" /><testcase classname="tests.execution_host.test_cli" name="test_real_cli_runs_operator_program_and_shuts_down" time="0.269" /><testcase classname="tests.execution_host.test_crash_recovery" name="test_actual_sigkill_launch_windows_are_unknown_and_never_relaunched[after_intent]" time="0.302" /><testcase classname="tests.execution_host.test_crash_recovery" name="test_actual_sigkill_launch_windows_are_unknown_and_never_relaunched[before_launch]" time="0.329" /><testcase classname="tests.execution_host.test_crash_recovery" name="test_actual_sigkill_launch_windows_are_unknown_and_never_relaunched[after_launch]" time="0.374" /><testcase classname="tests.execution_host.test_crash_recovery" name="test_terminal_result_and_artifact_survive_real_service_restart" time="0.400" /><testcase classname="tests.execution_host.test_http_job_service" name="test_real_process_durable_dedup_conflict_and_observation" time="0.747" /><testcase classname="tests.execution_host.test_http_job_service" name="test_dropped_submit_response_recovers_original_real_execution" time="0.637" /><testcase classname="tests.execution_host.test_http_job_service" name="test_real_process_output_boundaries[print('x'*100000)-options0-PROCESS_OUTPUT_LIMIT]" time="0.597" /><testcase classname="tests.execution_host.test_http_job_service" name="test_real_process_output_boundaries[import sys; sys.stderr.write('x'*100000)-options1-PROCESS_LOG_LIMIT]" time="0.592" /><testcase classname="tests.execution_host.test_http_job_service" name="test_real_process_output_boundaries[import time; time.sleep(10)-options2-PROCESS_TIMEOUT]" time="0.686" /><testcase classname="tests.execution_host.test_http_job_service" name="test_real_process_output_boundaries[print('not json')-options3-PROCESS_OUTPUT_INVALID]" time="0.605" /><testcase classname="tests.execution_host.test_http_job_service" name="test_real_process_output_boundaries[print('{}{}')-options4-PROCESS_OUTPUT_INVALID]" time="0.595" /><testcase classname="tests.execution_host.test_http_job_service" name="test_real_process_output_boundaries[print('{&quot;output&quot;:{},&quot;output&quot;:{}}')-options5-PROCESS_OUTPUT_INVALID]" time="0.600" /><testcase classname="tests.execution_host.test_http_job_service" name="test_real_process_output_boundaries[print('{&quot;output&quot;:{&quot;x&quot;:NaN}}')-options6-PROCESS_OUTPUT_INVALID]" time="0.598" /><testcase classname="tests.execution_host.test_http_job_service" name="test_real_process_output_boundaries[print('{&quot;output&quot;:{&quot;x&quot;:Infinity}}')-options7-PROCESS_OUTPUT_INVALID]" time="0.600" /><testcase classname="tests.execution_host.test_http_job_service" name="test_real_process_output_boundaries[print('{&quot;output&quot;:{&quot;x&quot;:1e999}}')-options8-PROCESS_OUTPUT_INVALID]" time="0.592" /><testcase classname="tests.execution_host.test_http_job_service" name="test_real_process_output_boundaries[print('{&quot;output&quot;:{&quot;x&quot;:-1e999}}')-options9-PROCESS_OUTPUT_INVALID]" time="0.599" /><testcase classname="tests.execution_host.test_http_job_service" name="test_real_process_output_boundaries[print('{&quot;output&quot;:{},&quot;unexpected&quot;:1}')-options10-PROCESS_OUTPUT_INVALID]" time="0.593" /><testcase classname="tests.execution_host.test_http_job_service" name="test_real_process_output_boundaries[print('{&quot;output&quot;:[]}')-options11-PROCESS_OUTPUT_INVALID]" time="0.594" /><testcase classname="tests.execution_host.test_http_job_service" name="test_real_cancel_only_owned_process_group_and_persisted_receipt" time="0.636" /><testcase classname="tests.execution_host.test_http_job_service" name="test_environment_does_not_inherit_secrets" time="0.664" /><testcase classname="tests.execution_host.test_http_job_service" name="test_http_rejects_ambiguous_or_nonfinite_json[{&quot;x&quot;:1,&quot;x&quot;:2}]" time="0.921" /><testcase classname="tests.execution_host.test_http_job_service" name="test_http_rejects_ambiguous_or_nonfinite_json[{&quot;x&quot;:NaN}]" time="0.867" /><testcase classname="tests.execution_host.test_http_job_service" name="test_http_rejects_ambiguous_or_nonfinite_json[{&quot;x&quot;:Infinity}]" time="0.540" /><testcase classname="tests.execution_host.test_http_job_service" name="test_http_rejects_ambiguous_or_nonfinite_json[{&quot;x&quot;:1e999}]" time="0.553" /><testcase classname="tests.execution_host.test_http_job_service" name="test_http_rejects_ambiguous_or_nonfinite_json[{&quot;x&quot;:-1e999}]" time="0.546" /><testcase classname="tests.execution_host.test_http_job_service" name="test_cancel_before_launch_does_not_start_program" time="0.598" /><testcase classname="tests.execution_host.test_http_job_service" name="test_closing_output_pipes_is_not_process_exit" time="0.788" /><testcase classname="tests.execution_host.test_http_job_service" name="test_expired_deadline_is_rejected_without_intent" time="0.545" /><testcase classname="tests.execution_host.test_http_job_service" name="test_browser_cross_site_and_dns_rebinding_cannot_create_intent[headers0-415]" time="0.543" /><testcase classname="tests.execution_host.test_http_job_service" name="test_browser_cross_site_and_dns_rebinding_cannot_create_intent[headers1-415]" time="0.547" /><testcase classname="tests.execution_host.test_http_job_service" name="test_browser_cross_site_and_dns_rebinding_cannot_create_intent[headers2-403]" time="0.547" /><testcase classname="tests.execution_host.test_http_job_service" name="test_browser_cross_site_and_dns_rebinding_cannot_create_intent[headers3-403]" time="0.538" /><testcase classname="tests.execution_host.test_http_job_service" name="test_browser_cross_site_and_dns_rebinding_cannot_create_intent[headers4-403]" time="0.546" /><testcase classname="tests.execution_host.test_http_job_service" name="test_slow_request_body_has_absolute_deadline" time="5.534" /><testcase classname="tests.execution_host.test_http_job_service" name="test_expired_duplicate_returns_original_but_new_work_and_conflict_are_rejected" time="1.564" /><testcase classname="tests.execution_host.test_store" name="test_persisted_events_are_bounded_and_terminal_observation_is_immutable" time="0.209" /><testcase classname="tests.protocol.test_loader" name="test_loads_json_compatible_yaml" time="0.002" /><testcase classname="tests.protocol.test_loader" name="test_rejects_non_protocol_yaml[duplicate.yaml-metadata:\n  name: first\n  name: second\n-DUPLICATE_KEY]" time="0.002" /><testcase classname="tests.protocol.test_loader" name="test_rejects_non_protocol_yaml[alias.yaml-base: &amp;base {value: 1}\ncopy: *base\n-YAML_ALIAS_FORBIDDEN]" time="0.002" /><testcase classname="tests.protocol.test_loader" name="test_rejects_non_protocol_yaml[tag.yaml-value: !custom 1\n-YAML_TAG_FORBIDDEN]" time="0.002" /><testcase classname="tests.protocol.test_loader" name="test_rejects_non_protocol_yaml[date.yaml-date: 2026-09-19\n-NON_JSON_TYPE]" time="0.004" /><testcase classname="tests.protocol.test_loader" name="test_rejects_non_protocol_yaml[nan.yaml-value: .nan\n-NON_FINITE_NUMBER]" time="0.002" /><testcase classname="tests.protocol.test_loader" name="test_rejects_non_protocol_yaml[large.yaml-value: 9007199254740992\n-INTEGER_OUT_OF_RANGE]" time="0.002" /><testcase classname="tests.protocol.test_loader" name="test_rejects_non_protocol_yaml[merge.yaml-base: {value: 1}\nmerged:\n  &lt;&lt;: {other: 2}\n-YAML_MERGE_FORBIDDEN]" time="0.003" /><testcase classname="tests.protocol.test_loader" name="test_reports_json_pointer_for_duplicate_nested_key" time="0.002" /><testcase classname="tests.protocol.test_models" name="test_workflow_package_has_strict_top_level_contract" time="0.001" /><testcase classname="tests.protocol.test_models" name="test_unknown_protocol_fields_are_rejected" time="0.001" /><testcase classname="tests.protocol.test_models" name="test_value_expr_supports_only_literal_ref_object_and_array" time="0.001" /><testcase classname="tests.protocol.test_models" name="test_predicate_composition_requires_non_empty_operands" time="0.001" /><testcase classname="tests.protocol.test_models" name="test_switch_requires_default_and_repeat_is_bounded" time="0.002" /><testcase classname="tests.protocol.test_models" name="test_workflow_and_binding_resources_validate" time="0.001" /><testcase classname="tests.protocol.test_models" name="test_end_cannot_define_an_error_handler" time="0.001" /><testcase classname="tests.protocol.test_models" name="test_secret_refs_must_be_secret_provider_references" time="0.001" /><testcase classname="tests.protocol.test_normative_examples" name="test_content_delivery_normative_resources_parse" time="0.007" /><testcase classname="tests.protocol.test_normative_examples" name="test_content_delivery_json_schemas_and_eval_dataset_exist" time="0.001" /><testcase classname="tests.protocol.test_normative_examples" name="test_secondary_binding_is_available" time="0.002" /><testcase classname="tests.protocol.test_schemas" name="test_value_expr_schema_accepts_the_four_expression_forms" time="0.001" /><testcase classname="tests.protocol.test_schemas" name="test_value_expr_schema_rejects_expression_extensions" time="0.001" /><testcase classname="tests.protocol.test_schemas" name="test_resource_schemas_reject_unknown_top_level_fields" time="0.002" /><testcase classname="tests.release.test_release_contract" name="test_all_normative_ids_owners_and_evidence_contracts" time="0.157" /><testcase classname="tests.release.test_release_contract" name="test_tracking_rejects_false_completion_or_lost_requirements[missing]" time="0.020" /><testcase classname="tests.release.test_release_contract" name="test_tracking_rejects_false_completion_or_lost_requirements[duplicate]" time="0.024" /><testcase classname="tests.release.test_release_contract" name="test_tracking_rejects_false_completion_or_lost_requirements[optional]" time="0.015" /><testcase classname="tests.release.test_release_contract" name="test_tracking_rejects_false_completion_or_lost_requirements[passed]" time="0.015" /><testcase classname="tests.release.test_release_contract" name="test_tracking_rejects_false_completion_or_lost_requirements[owner]" time="0.015" /><testcase classname="tests.release.test_release_contract" name="test_future_compatibility_design_is_explicit_and_not_claimed_as_executed" time="0.002" /><testcase classname="tests.release.test_release_contract" name="test_profile_schema_accepts_declared_targets_only[personal]" time="0.015" /><testcase classname="tests.release.test_release_contract" name="test_profile_schema_accepts_declared_targets_only[team]" time="0.015" /><testcase classname="tests.release.test_release_contract" name="test_profile_schema_accepts_declared_targets_only[offline]" time="0.015" /><testcase classname="tests.release.test_release_contract" name="test_profile_schema_rejects_incompatible_or_ambiguous_declarations[team-database-sqlite]" time="0.001" /><testcase classname="tests.release.test_release_contract" name="test_profile_schema_rejects_incompatible_or_ambiguous_declarations[team-identity-single-user]" time="0.002" /><testcase classname="tests.release.test_release_contract" name="test_profile_schema_rejects_incompatible_or_ambiguous_declarations[team-isolation-trusted-local]" time="0.001" /><testcase classname="tests.release.test_release_contract" name="test_profile_schema_rejects_incompatible_or_ambiguous_declarations[personal-database-postgresql17]" time="0.001" /><testcase classname="tests.release.test_release_contract" name="test_profile_schema_rejects_incompatible_or_ambiguous_declarations[personal-identity-same-organization]" time="0.001" /><testcase classname="tests.release.test_release_contract" name="test_profile_schema_rejects_incompatible_or_ambiguous_declarations[offline-network-policy-controlled]" time="0.001" /><testcase classname="tests.release.test_release_contract" name="test_profile_schema_rejects_incompatible_or_ambiguous_declarations[offline-optionalCapabilities-value6]" time="0.001" /><testcase classname="tests.release.test_release_contract" name="test_profile_schema_rejects_incompatible_or_ambiguous_declarations[offline-optionalCapabilities-value7]" time="0.001" /><testcase classname="tests.release.test_release_contract" name="test_profile_schema_rejects_incompatible_or_ambiguous_declarations[offline-localModelRef-https://example.com/model]" time="0.001" /><testcase classname="tests.release.test_release_contract" name="test_profile_schema_rejects_incompatible_or_ambiguous_declarations[offline-resourceManifestDigest-latest]" time="0.001" /><testcase classname="tests.release.test_release_contract" name="test_profile_schema_rejects_incompatible_or_ambiguous_declarations[personal-scheduler-multi-active]" time="0.001" /><testcase classname="tests.release.test_release_contract" name="test_profile_schema_rejects_incompatible_or_ambiguous_declarations[personal-profileVersion-multiverse.deployment-profile/v9]" time="0.001" /><testcase classname="tests.release.test_release_contract" name="test_profile_schema_rejects_incompatible_or_ambiguous_declarations[personal-profile-enterprise]" time="0.001" /><testcase classname="tests.release.test_release_contract" name="test_profile_schema_rejects_incompatible_or_ambiguous_declarations[personal-secret-inline-secret]" time="0.001" /><testcase classname="tests.release.test_release_contract" name="test_profile_schema_rejects_incompatible_or_ambiguous_declarations[personal-localModelRef-local-resource:model-v1]" time="0.001" /><testcase classname="tests.release.test_release_contract" name="test_profile_schema_rejects_incompatible_or_ambiguous_declarations[personal-optionalCapabilities-value15]" time="0.001" /><testcase classname="tests.release.test_release_contract" name="test_offline_requires_fixed_resource_references[localModelRef]" time="0.001" /><testcase classname="tests.release.test_release_contract" name="test_offline_requires_fixed_resource_references[resourceManifestDigest]" time="0.001" /><testcase classname="tests.release.test_release_contract" name="test_personal_can_explicitly_request_enforced_isolation" time="0.001" /><testcase classname="tests.release.test_release_contract" name="test_profile_identifiers_reject_trailing_control_characters[\n-localModelRef]" time="0.001" /><testcase classname="tests.release.test_release_contract" name="test_profile_identifiers_reject_trailing_control_characters[\n-resourceManifestDigest]" time="0.001" /><testcase classname="tests.release.test_release_contract" name="test_profile_identifiers_reject_trailing_control_characters[\r-localModelRef]" time="0.001" /><testcase classname="tests.release.test_release_contract" name="test_profile_identifiers_reject_trailing_control_characters[\r-resourceManifestDigest]" time="0.001" /><testcase classname="tests.release.test_release_contract" name="test_profile_identifiers_reject_trailing_control_characters[\r\n-localModelRef]" time="0.001" /><testcase classname="tests.release.test_release_contract" name="test_profile_identifiers_reject_trailing_control_characters[\r\n-resourceManifestDigest]" time="0.001" /><testcase classname="tests.release.test_release_contract" name="test_profile_identifiers_reject_trailing_control_characters[\t-localModelRef]" time="0.001" /><testcase classname="tests.release.test_release_contract" name="test_profile_identifiers_reject_trailing_control_characters[\t-resourceManifestDigest]" time="0.001" /><testcase classname="tests.release.test_release_contract" name="test_profile_identifiers_reject_trailing_control_characters[\x00-localModelRef]" time="0.001" /><testcase classname="tests.release.test_release_contract" name="test_profile_identifiers_reject_trailing_control_characters[\x00-resourceManifestDigest]" time="0.001" /><testcase classname="tests.release.test_release_contract" name="test_profile_identifiers_reject_trailing_control_characters[\x1f-localModelRef]" time="0.001" /><testcase classname="tests.release.test_release_contract" name="test_profile_identifiers_reject_trailing_control_characters[\x1f-resourceManifestDigest]" time="0.001" /><testcase classname="tests.release.test_release_contract" name="test_profile_identifiers_reject_trailing_control_characters[\u2028-localModelRef]" time="0.001" /><testcase classname="tests.release.test_release_contract" name="test_profile_identifiers_reject_trailing_control_characters[\u2028-resourceManifestDigest]" time="0.001" /><testcase classname="tests.release.test_release_contract" name="test_profile_identifiers_reject_trailing_control_characters[\u2029-localModelRef]" time="0.001" /><testcase classname="tests.release.test_release_contract" name="test_profile_identifiers_reject_trailing_control_characters[\u2029-resourceManifestDigest]" time="0.001" /><testcase classname="tests.release.test_release_contract" name="test_complete_execution_and_rebinding_cannot_be_signed_off_by_catalog_only[RDI-01]" time="0.001" /><testcase classname="tests.release.test_release_contract" name="test_complete_execution_and_rebinding_cannot_be_signed_off_by_catalog_only[RDI-02]" time="0.001" /><testcase classname="tests.release.test_release_contract" name="test_complete_execution_and_rebinding_require_explicit_evidence_contributors[RDI-01]" time="0.004" /><testcase classname="tests.release.test_release_contract" name="test_complete_execution_and_rebinding_require_explicit_evidence_contributors[RDI-02]" time="0.004" /><testcase classname="tests.release.test_version_compatibility" name="test_software_versions_agree_without_changing_wire_version" time="0.071" /><testcase classname="tests.release.test_version_compatibility" name="test_unknown_resource_versions_are_rejected_before_execution[multiverse/v1-resource0-WorkflowPackage]" time="0.002" /><testcase classname="tests.release.test_version_compatibility" name="test_unknown_resource_versions_are_rejected_before_execution[multiverse/v1-resource1-Workflow]" time="0.005" /><testcase classname="tests.release.test_version_compatibility" name="test_unknown_resource_versions_are_rejected_before_execution[multiverse/v1-resource2-BindingSet]" time="0.002" /><testcase classname="tests.release.test_version_compatibility" name="test_unknown_resource_versions_are_rejected_before_execution[multiverse/v0.2-resource0-WorkflowPackage]" time="0.001" /><testcase classname="tests.release.test_version_compatibility" name="test_unknown_resource_versions_are_rejected_before_execution[multiverse/v0.2-resource1-Workflow]" time="0.004" /><testcase classname="tests.release.test_version_compatibility" name="test_unknown_resource_versions_are_rejected_before_execution[multiverse/v0.2-resource2-BindingSet]" time="0.002" /><testcase classname="tests.release.test_version_compatibility" name="test_unknown_resource_versions_are_rejected_before_execution[multiverse/v9-resource0-WorkflowPackage]" time="0.001" /><testcase classname="tests.release.test_version_compatibility" name="test_unknown_resource_versions_are_rejected_before_execution[multiverse/v9-resource1-Workflow]" time="0.006" /><testcase classname="tests.release.test_version_compatibility" name="test_unknown_resource_versions_are_rejected_before_execution[multiverse/v9-resource2-BindingSet]" time="0.002" /><testcase classname="tests.release.test_version_compatibility" name="test_v01_package_compilation_is_read_only_and_not_an_import_claim" time="0.067" /><testcase classname="tests.release.test_version_compatibility" name="test_preflight_cli_report_has_its_own_version" time="0.076" /><testcase classname="tests.release.test_version_compatibility" name="test_api_unknown_version_and_fields_do_not_create_runs" time="0.274" /><testcase classname="tests.release.test_version_compatibility" name="test_http_job_v1_response_extensions_do_not_replace_required_fields[True]" time="0.505" /><testcase classname="tests.release.test_version_compatibility" name="test_http_job_v1_response_extensions_do_not_replace_required_fields[False]" time="0.505" /><testcase classname="tests.runtime.test_async_dispatch" name="test_enqueue_persists_a_queued_run_until_a_worker_sweeps_it" time="0.317" /><testcase classname="tests.runtime.test_async_dispatch" name="test_service_create_does_not_drive_workflow_on_request_path" time="0.178" /><testcase classname="tests.runtime.test_async_dispatch" name="test_human_decision_is_persisted_before_worker_continuation" time="0.356" /><testcase classname="tests.runtime.test_async_dispatch" name="test_repeated_async_create_returns_the_same_queued_run" time="0.166" /><testcase classname="tests.runtime.test_async_dispatch" name="test_service_reconcile_persists_a_worker_wake_without_driving_the_run" time="0.205" /><testcase classname="tests.runtime.test_async_dispatch" name="test_worker_applies_a_persisted_attempt_reconciliation_once" time="0.264" /><testcase classname="tests.runtime.test_catalog" name="test_default_and_directory_catalog" time="0.092" /><testcase classname="tests.runtime.test_catalog" name="test_invalid_registration[change0]" time="0.005" /><testcase classname="tests.runtime.test_catalog" name="test_invalid_registration[change1]" time="0.005" /><testcase classname="tests.runtime.test_catalog" name="test_invalid_registration[change2]" time="0.005" /><testcase classname="tests.runtime.test_catalog" name="test_invalid_registration[change3]" time="0.005" /><testcase classname="tests.runtime.test_catalog" name="test_invalid_registration[change4]" time="0.021" /><testcase classname="tests.runtime.test_catalog" name="test_invalid_registration[change5]" time="0.020" /><testcase classname="tests.runtime.test_catalog" name="test_invalid_registration[change6]" time="0.005" /><testcase classname="tests.runtime.test_catalog" name="test_invalid_registration[change7]" time="0.020" /><testcase classname="tests.runtime.test_catalog" name="test_invalid_registration[change8]" time="0.020" /><testcase classname="tests.runtime.test_catalog" name="test_verification_requires_versioned_evidence" time="0.006" /><testcase classname="tests.runtime.test_catalog" name="test_schema_references_cannot_read_external_resources[http://example.test/secret]" time="0.005" /><testcase classname="tests.runtime.test_catalog" name="test_schema_references_cannot_read_external_resources[file:///etc/passwd]" time="0.006" /><testcase classname="tests.runtime.test_catalog" name="test_schema_references_cannot_read_external_resources[#/x]" time="0.006" /><testcase classname="tests.runtime.test_catalog" name="test_schema_symlink_escape" time="0.006" /><testcase classname="tests.runtime.test_catalog" name="test_catalog_revocation_blocks_frozen_snapshot[delete]" time="0.118" /><testcase classname="tests.runtime.test_catalog" name="test_catalog_revocation_blocks_frozen_snapshot[change]" time="0.084" /><testcase classname="tests.runtime.test_catalog" name="test_config_diagnostics_are_precise_and_redacted[config0-/command]" time="0.002" /><testcase classname="tests.runtime.test_catalog" name="test_config_diagnostics_are_precise_and_redacted[config1-/command/1]" time="0.002" /><testcase classname="tests.runtime.test_catalog" name="test_config_diagnostics_are_precise_and_redacted[config2-/timeoutSeconds]" time="0.002" /><testcase classname="tests.runtime.test_catalog" name="test_config_diagnostics_are_precise_and_redacted[config3-/timeoutSeconds]" time="0.002" /><testcase classname="tests.runtime.test_catalog" name="test_config_diagnostics_are_precise_and_redacted[config4-/secret]" time="0.002" /><testcase classname="tests.runtime.test_catalog" name="test_config_diagnostics_are_precise_and_redacted[config5-/verified]" time="0.002" /><testcase classname="tests.runtime.test_catalog" name="test_custom_schema_cannot_bypass_backend_whitelist" time="0.020" /><testcase classname="tests.runtime.test_catalog" name="test_unknown_bundled_executor_rejected" time="0.005" /><testcase classname="tests.runtime.test_catalog" name="test_empty_catalog_replaces_defaults" time="0.004" /><testcase classname="tests.runtime.test_catalog" name="test_config_missing_and_pattern_fields_have_accurate_paths" time="0.003" /><testcase classname="tests.runtime.test_catalog" name="test_registration_schema_published_copy_matches_runtime" time="0.001" /><testcase classname="tests.runtime.test_catalog" name="test_yaml_nonfinite_timeout_rejected_by_preflight[local_process-local.process.v1-config0-nan]" time="0.029" /><testcase classname="tests.runtime.test_catalog" name="test_yaml_nonfinite_timeout_rejected_by_preflight[local_process-local.process.v1-config0-inf]" time="0.028" /><testcase classname="tests.runtime.test_catalog" name="test_yaml_nonfinite_timeout_rejected_by_preflight[local_process-local.process.v1-config0--inf]" time="0.028" /><testcase classname="tests.runtime.test_catalog" name="test_yaml_nonfinite_timeout_rejected_by_preflight[http_job-example.remote-content.v1-config1-nan]" time="0.027" /><testcase classname="tests.runtime.test_catalog" name="test_yaml_nonfinite_timeout_rejected_by_preflight[http_job-example.remote-content.v1-config1-inf]" time="0.029" /><testcase classname="tests.runtime.test_catalog" name="test_yaml_nonfinite_timeout_rejected_by_preflight[http_job-example.remote-content.v1-config1--inf]" time="0.031" /><testcase classname="tests.runtime.test_catalog" name="test_yaml_nonfinite_timeout_rejected_by_preflight[builtin-builtin.ollama-deliverable.v1-config2-nan]" time="0.032" /><testcase classname="tests.runtime.test_catalog" name="test_yaml_nonfinite_timeout_rejected_by_preflight[builtin-builtin.ollama-deliverable.v1-config2-inf]" time="0.029" /><testcase classname="tests.runtime.test_catalog" name="test_yaml_nonfinite_timeout_rejected_by_preflight[builtin-builtin.ollama-deliverable.v1-config2--inf]" time="0.030" /><testcase classname="tests.runtime.test_catalog" name="test_existing_manual_input_binding_passes_catalog_preflight" time="0.071" /><testcase classname="tests.runtime.test_catalog" name="test_human_input_config_preserves_only_supported_and_legacy_shapes[config0-True]" time="0.001" /><testcase classname="tests.runtime.test_catalog" name="test_human_input_config_preserves_only_supported_and_legacy_shapes[config1-True]" time="0.001" /><testcase classname="tests.runtime.test_catalog" name="test_human_input_config_preserves_only_supported_and_legacy_shapes[config2-False]" time="0.001" /><testcase classname="tests.runtime.test_catalog" name="test_human_input_config_preserves_only_supported_and_legacy_shapes[config3-False]" time="0.001" /><testcase classname="tests.runtime.test_catalog" name="test_human_input_config_preserves_only_supported_and_legacy_shapes[config4-False]" time="0.001" /><testcase classname="tests.runtime.test_catalog" name="test_human_input_config_preserves_only_supported_and_legacy_shapes[config5-False]" time="0.001" /><testcase classname="tests.runtime.test_catalog" name="test_catalog_cli_rejects_nested_overflow_numbers[schema-1e999]" time="0.015" /><testcase classname="tests.runtime.test_catalog" name="test_catalog_cli_rejects_nested_overflow_numbers[schema--1e999]" time="0.016" /><testcase classname="tests.runtime.test_catalog" name="test_catalog_cli_rejects_nested_overflow_numbers[manifest-1e999]" time="0.013" /><testcase classname="tests.runtime.test_catalog" name="test_catalog_cli_rejects_nested_overflow_numbers[manifest--1e999]" time="0.012" /><testcase classname="tests.runtime.test_catalog" name="test_local_process_preserves_whitespace_arguments" time="0.063" /><testcase classname="tests.runtime.test_catalog" name="test_catalog_rejects_trailing_control_characters[\n-executorRef]" time="0.006" /><testcase classname="tests.runtime.test_catalog" name="test_catalog_rejects_trailing_control_characters[\n-executorVersion]" time="0.006" /><testcase classname="tests.runtime.test_catalog" name="test_catalog_rejects_trailing_control_characters[\n-capabilities]" time="0.005" /><testcase classname="tests.runtime.test_catalog" name="test_catalog_rejects_trailing_control_characters[\r-executorRef]" time="0.005" /><testcase classname="tests.runtime.test_catalog" name="test_catalog_rejects_trailing_control_characters[\r-executorVersion]" time="0.005" /><testcase classname="tests.runtime.test_catalog" name="test_catalog_rejects_trailing_control_characters[\r-capabilities]" time="0.005" /><testcase classname="tests.runtime.test_catalog" name="test_catalog_rejects_trailing_control_characters[\x00-executorRef]" time="0.005" /><testcase classname="tests.runtime.test_catalog" name="test_catalog_rejects_trailing_control_characters[\x00-executorVersion]" time="0.006" /><testcase classname="tests.runtime.test_catalog" name="test_catalog_rejects_trailing_control_characters[\x00-capabilities]" time="0.005" /><testcase classname="tests.runtime.test_catalog" name="test_catalog_rejects_trailing_control_characters[\u2028-executorRef]" time="0.005" /><testcase classname="tests.runtime.test_catalog" name="test_catalog_rejects_trailing_control_characters[\u2028-executorVersion]" time="0.006" /><testcase classname="tests.runtime.test_catalog" name="test_catalog_rejects_trailing_control_characters[\u2028-capabilities]" time="0.008" /><testcase classname="tests.runtime.test_catalog" name="test_unresolved_executor_does_not_claim_config_checked" time="0.077" /><testcase classname="tests.runtime.test_catalog" name="test_registry_config_phase_incomplete_for_unresolved_slots" time="0.002" /><testcase classname="tests.runtime.test_executors" name="test_local_process_round_trips_json" time="0.042" /><testcase classname="tests.runtime.test_http_artifact_transfer" name="test_tcp_bytes_import_and_reopen_after_registration_before_attempt_finish" time="0.868" /><testcase classname="tests.runtime.test_http_artifact_transfer" name="test_metadata_rejected_before_content_fetch[namespace-other]" time="0.502" /><testcase classname="tests.runtime.test_http_artifact_transfer" name="test_metadata_rejected_before_content_fetch[executionRef-other]" time="0.504" /><testcase classname="tests.runtime.test_http_artifact_transfer" name="test_metadata_rejected_before_content_fetch[version-True]" time="0.502" /><testcase classname="tests.runtime.test_http_artifact_transfer" name="test_metadata_rejected_before_content_fetch[version-2]" time="0.502" /><testcase classname="tests.runtime.test_http_artifact_transfer" name="test_metadata_rejected_before_content_fetch[sizeBytes-True]" time="0.502" /><testcase classname="tests.runtime.test_http_artifact_transfer" name="test_metadata_rejected_before_content_fetch[sizeBytes--1]" time="0.502" /><testcase classname="tests.runtime.test_http_artifact_transfer" name="test_metadata_rejected_before_content_fetch[sizeBytes-1048577]" time="0.502" /><testcase classname="tests.runtime.test_http_artifact_transfer" name="test_metadata_rejected_before_content_fetch[artifactId-..]" time="0.502" /><testcase classname="tests.runtime.test_http_artifact_transfer" name="test_metadata_rejected_before_content_fetch[artifactId-%2fetc]" time="0.502" /><testcase classname="tests.runtime.test_http_artifact_transfer" name="test_metadata_rejected_before_content_fetch[artifactId-x/y]" time="0.502" /><testcase classname="tests.runtime.test_http_artifact_transfer" name="test_metadata_rejected_before_content_fetch[digest-sha256:gggggggggggggggggggggggggggggggggggggggggggggggggggggggggggggggg]" time="0.502" /><testcase classname="tests.runtime.test_http_artifact_transfer" name="test_metadata_rejected_before_content_fetch[name-]" time="0.502" /><testcase classname="tests.runtime.test_http_artifact_transfer" name="test_metadata_rejected_before_content_fetch[mediaType-\n]" time="0.502" /><testcase classname="tests.runtime.test_http_artifact_transfer" name="test_metadata_rejected_before_content_fetch[metadataURL-http://example.invalid/secret]" time="0.502" /><testcase classname="tests.runtime.test_http_artifact_transfer" name="test_tcp_corrupt_or_misdirected_transfer_is_rejected[digest]" time="0.507" /><testcase classname="tests.runtime.test_http_artifact_transfer" name="test_tcp_corrupt_or_misdirected_transfer_is_rejected[size]" time="0.507" /><testcase classname="tests.runtime.test_http_artifact_transfer" name="test_tcp_corrupt_or_misdirected_transfer_is_rejected[oversized]" time="0.507" /><testcase classname="tests.runtime.test_http_artifact_transfer" name="test_tcp_corrupt_or_misdirected_transfer_is_rejected[namespace]" time="0.505" /><testcase classname="tests.runtime.test_http_artifact_transfer" name="test_tcp_corrupt_or_misdirected_transfer_is_rejected[execution]" time="0.504" /><testcase classname="tests.runtime.test_http_artifact_transfer" name="test_tcp_corrupt_or_misdirected_transfer_is_rejected[changed]" time="0.504" /><testcase classname="tests.runtime.test_http_artifact_transfer" name="test_tcp_corrupt_or_misdirected_transfer_is_rejected[redirect]" time="0.505" /><testcase classname="tests.runtime.test_http_artifact_transfer" name="test_tcp_corrupt_or_misdirected_transfer_is_rejected[content_redirect]" time="0.507" /><testcase classname="tests.runtime.test_http_artifact_transfer" name="test_tcp_corrupt_or_misdirected_transfer_is_rejected[metadata_limit]" time="0.506" /><testcase classname="tests.runtime.test_http_artifact_transfer" name="test_batch_limits_reject_before_fetch[items0]" time="0.502" /><testcase classname="tests.runtime.test_http_artifact_transfer" name="test_batch_limits_reject_before_fetch[items1]" time="0.502" /><testcase classname="tests.runtime.test_http_artifact_transfer" name="test_batch_limits_reject_before_fetch[items2]" time="0.502" /><testcase classname="tests.runtime.test_http_artifact_transfer" name="test_old_executor_without_artifacts_needs_no_new_endpoint[True]" time="0.749" /><testcase classname="tests.runtime.test_http_artifact_transfer" name="test_old_executor_without_artifacts_needs_no_new_endpoint[False]" time="0.745" /><testcase classname="tests.runtime.test_http_artifact_transfer" name="test_bad_batch_never_registers_first_valid_item" time="0.855" /><testcase classname="tests.runtime.test_http_artifact_transfer" name="test_source_conflict_and_wrong_attempt_cannot_import" time="0.750" /><testcase classname="tests.runtime.test_http_artifact_transfer" name="test_business_refs_cannot_replace_import" time="0.702" /><testcase classname="tests.runtime.test_http_artifact_transfer" name="test_ledger_batch_transaction_rolls_back_ready_rows_and_sources" time="0.729" /><testcase classname="tests.runtime.test_http_artifact_transfer" name="test_downloaded_artifact_cannot_be_referenced_by_another_run" time="0.720" /><testcase classname="tests.runtime.test_http_artifact_transfer" name="test_artifact_import_after_cancel_does_not_dispatch_downstream" time="0.755" /><testcase classname="tests.runtime.test_http_artifact_transfer" name="test_bad_artifact_result_persistently_blocks_without_blind_retry[digest]" time="0.714" /><testcase classname="tests.runtime.test_http_artifact_transfer" name="test_bad_artifact_result_persistently_blocks_without_blind_retry[namespace]" time="0.707" /><testcase classname="tests.runtime.test_http_artifact_transfer" name="test_bad_artifact_result_persistently_blocks_without_blind_retry[schema]" time="0.714" /><testcase classname="tests.runtime.test_http_artifact_transfer" name="test_transport_failure_preserves_wait_for_recovery" time="0.723" /><testcase classname="tests.runtime.test_http_artifact_transfer" name="test_submit_redirect_stays_unknown_and_is_never_followed" time="0.506" /><testcase classname="tests.runtime.test_http_job" name="test_http_job_client_supports_standard_lifecycle_and_deduplicates_submit" time="0.515" /><testcase classname="tests.runtime.test_http_job" name="test_http_job_client_reports_transport_uncertainty_without_retrying_submit" time="0.505" /><testcase classname="tests.runtime.test_http_job" name="test_legacy_no_artifact_execution_references_complete_real_http_lifecycle[job:123]" time="0.509" /><testcase classname="tests.runtime.test_http_job" name="test_legacy_no_artifact_execution_references_complete_real_http_lifecycle[job:xxxxxxxxxxxxxxxxxxxxxxxxxxxxxxxxxxxxxxxxxxxxxxxxxxxxxxxxxxxxxxxxxxxxxxxxxxxxxxxxxxxxxxxxxxxxxxxxxxxxxxxxxxxxxxxxxxxxxxxxxxxxxxxxxxxxxxxxxxxxxxxxxxxxxxxxxxxxxxxxxxxxxxxxxxxxxxxxxxxxxxxxxxxxxxxxxxxxxxxxxxxxxxxxxxxxxxxxxxxxxxxxxxxxxxxxxxxxxxxxxxxxxxxxxxxxxxxxxxxxxxxxxxxxxxxxxxxxxxxxxxxxxxxxxxxxxxxxxxxx]" time="0.509" /><testcase classname="tests.runtime.test_http_job" name="test_legacy_no_artifact_execution_references_complete_real_http_lifecycle[job:\u4efb\u52a1 123]" time="0.509" /><testcase classname="tests.runtime.test_http_job" name="test_unsafe_execution_references_are_rejected_before_any_http_request[]" time="0.502" /><testcase classname="tests.runtime.test_http_job" name="test_unsafe_execution_references_are_rejected_before_any_http_request[ ]" time="0.502" /><testcase classname="tests.runtime.test_http_job" name="test_unsafe_execution_references_are_rejected_before_any_http_request[.]" time="0.502" /><testcase classname="tests.runtime.test_http_job" name="test_unsafe_execution_references_are_rejected_before_any_http_request[..]" time="0.502" /><testcase classname="tests.runtime.test_http_job" name="test_unsafe_execution_references_are_rejected_before_any_http_request[ .. ]" time="0.502" /><testcase classname="tests.runtime.test_http_job" name="test_unsafe_execution_references_are_rejected_before_any_http_request[../other]" time="0.502" /><testcase classname="tests.runtime.test_http_job" name="test_unsafe_execution_references_are_rejected_before_any_http_request[job/other]" time="0.502" /><testcase classname="tests.runtime.test_http_job" name="test_unsafe_execution_references_are_rejected_before_any_http_request[job\\other]" time="0.502" /><testcase classname="tests.runtime.test_http_job" name="test_unsafe_execution_references_are_rejected_before_any_http_request[job?query=1]" time="0.502" /><testcase classname="tests.runtime.test_http_job" name="test_unsafe_execution_references_are_rejected_before_any_http_request[job#fragment]" time="0.502" /><testcase classname="tests.runtime.test_http_job" name="test_unsafe_execution_references_are_rejected_before_any_http_request[%2e%2e]" time="0.502" /><testcase classname="tests.runtime.test_http_job" name="test_unsafe_execution_references_are_rejected_before_any_http_request[job%2Fother]" time="0.502" /><testcase classname="tests.runtime.test_http_job" name="test_unsafe_execution_references_are_rejected_before_any_http_request[%252e%252e]" time="0.502" /><testcase classname="tests.runtime.test_http_job" name="test_unsafe_execution_references_are_rejected_before_any_http_request[job\x00]" time="0.502" /><testcase classname="tests.runtime.test_http_job" name="test_unsafe_execution_references_are_rejected_before_any_http_request[job\r\nX-Injected: true]" time="0.502" /><testcase classname="tests.runtime.test_http_job" name="test_unsafe_execution_references_are_rejected_before_any_http_request[job\x7f]" time="0.502" /><testcase classname="tests.runtime.test_http_job" name="test_unsafe_execution_references_are_rejected_before_any_http_request[job\x85]" time="0.502" /><testcase classname="tests.runtime.test_http_job" name="test_blob_id_constraints_remain_strict_independently_of_execution_reference[blob:123]" time="0.502" /><testcase classname="tests.runtime.test_http_job" name="test_blob_id_constraints_remain_strict_independently_of_execution_reference[xxxxxxxxxxxxxxxxxxxxxxxxxxxxxxxxxxxxxxxxxxxxxxxxxxxxxxxxxxxxxxxxxxxxxxxxxxxxxxxxxxxxxxxxxxxxxxxxxxxxxxxxxxxxxxxxxxxxxxxxxxxxxxxxxxxxxxxxxxxxxxxxxxxxxxxxxxxxxxxxxxxxxxxxxxxxxxxxxxxxxxxxxxxxxxxxxxxxxxxxx]" time="0.502" /><testcase classname="tests.runtime.test_http_job" name="test_blob_id_constraints_remain_strict_independently_of_execution_reference[\u6587\u4ef6]" time="0.502" /><testcase classname="tests.runtime.test_http_job" name="test_blob_id_constraints_remain_strict_independently_of_execution_reference[..]" time="0.502" /><testcase classname="tests.runtime.test_http_job" name="test_blob_id_constraints_remain_strict_independently_of_execution_reference[%2e%2e]" time="0.502" /><testcase classname="tests.runtime.test_http_job_runtime" name="test_http_job_worker_submits_observes_and_resumes_the_same_attempt" time="0.718" /><testcase classname="tests.runtime.test_http_job_runtime" name="test_http_job_unknown_submit_looks_up_the_same_execution_without_resubmitting" time="0.726" /><testcase classname="tests.runtime.test_http_job_runtime" name="test_http_job_unknown_submit_does_not_retry_without_strong_lookup_proof" time="0.740" /><testcase classname="tests.runtime.test_ledger" name="test_ledger_persists_run_scope_invocation_attempt_and_events" time="0.186" /><testcase classname="tests.runtime.test_ledger" name="test_ledger_rejects_mismatched_run_continuation_identity" time="0.120" /><testcase classname="tests.runtime.test_ledger" name="test_ledger_reconciles_unknown_attempt_once_with_evidence" time="0.118" /><testcase classname="tests.runtime.test_ledger" name="test_reconciliation_wait_is_unique_and_recoverable" time="0.117" /><testcase classname="tests.runtime.test_ledger" name="test_external_submit_outbox_and_observation_wait_are_durable_and_unique" time="0.132" /><testcase classname="tests.runtime.test_ledger" name="test_external_observation_same_revision_is_idempotent_but_conflicting_content_is_rejected" time="0.124" /><testcase classname="tests.runtime.test_ledger" name="test_unknown_attempt_enters_reconciling_and_blocks_the_run" time="0.111" /><testcase classname="tests.runtime.test_ledger" name="test_attempt_terminal_state_cannot_be_overwritten_by_late_observation" time="0.097" /><testcase classname="tests.runtime.test_ledger" name="test_ledger_persists_child_scope_terminal_output" time="0.091" /><testcase classname="tests.runtime.test_ledger" name="test_ledger_migrates_legacy_scope_columns" time="0.112" /><testcase classname="tests.runtime.test_ledger" name="test_ledger_migrates_legacy_run_rerun_columns" time="0.127" /><testcase classname="tests.runtime.test_ledger" name="test_ledger_migrates_active_legacy_run_continuation" time="0.175" /><testcase classname="tests.runtime.test_ledger" name="test_ledger_blocks_legacy_run_when_continuation_is_ambiguous" time="0.213" /><testcase classname="tests.runtime.test_ledger" name="test_ledger_migrates_legacy_command_scope_and_rebuilds_idempotency_index" time="0.126" /><testcase classname="tests.runtime.test_ledger" name="test_human_request_decision_is_versioned_and_idempotent" time="0.255" /><testcase classname="tests.runtime.test_ledger" name="test_waits_are_claimable_once_and_complete_by_semantic_key" time="0.103" /><testcase classname="tests.runtime.test_ledger" name="test_ledger_rejects_an_unauthorized_human_subject" time="0.098" /><testcase classname="tests.runtime.test_ledger" name="test_ledger_registers_an_immutable_local_artifact" time="0.089" /><testcase classname="tests.runtime.test_ollama" name="test_generate_deliverable_uses_ollama_json_chat_and_records_usage" time="0.001" /><testcase classname="tests.runtime.test_ollama" name="test_generate_deliverable_passes_structured_input_to_the_model" time="0.001" /><testcase classname="tests.runtime.test_ollama" name="test_ollama_builtin_returns_the_model_observation" time="0.001" /><testcase classname="tests.runtime.test_ollama" name="test_generate_deliverable_rejects_model_provided_artifact_references" time="0.001" /><testcase classname="tests.runtime.test_ollama" name="test_generate_deliverable_requires_non_empty_text" time="0.001" /><testcase classname="tests.runtime.test_ollama" name="test_ollama_builtin_rejects_an_artifact_larger_than_its_binding_limit" time="0.001" /><testcase classname="tests.runtime.test_projection" name="test_projection_exposes_frozen_graph_and_waiting_human_request" time="0.315" /><testcase classname="tests.runtime.test_projection" name="test_projection_exposes_attempt_reconciliation_audit_facts" time="0.274" /><testcase classname="tests.runtime.test_projection" name="test_projection_preserves_cancelled_invocation_status" time="0.346" /><testcase classname="tests.runtime.test_registry" name="test_local_registry_reports_declared_installed_available_and_verified_separately" time="0.001" /><testcase classname="tests.runtime.test_runner" name="test_content_delivery_waits_for_review_and_finishes_after_approval" time="0.427" /><testcase classname="tests.runtime.test_runner" name="test_content_delivery_rejection_follows_explicit_failed_end" time="0.391" /><testcase classname="tests.runtime.test_runner" name="test_paused_run_records_human_decision_without_dispatching_downstream" time="0.379" /><testcase classname="tests.runtime.test_runner" name="test_cancelled_waiting_run_rejects_a_late_human_decision" time="0.362" /><testcase classname="tests.runtime.test_runner" name="test_reconciled_success_validates_output_and_resumes_same_invocation" time="0.287" /><testcase classname="tests.runtime.test_runner" name="test_non_resuming_reconciliation_only_persists_worker_continuation" time="0.204" /><testcase classname="tests.runtime.test_runner" name="test_reconciled_failure_fails_the_invocation_without_dispatching_downstream" time="0.225" /><testcase classname="tests.runtime.test_runner" name="test_reconciled_cancellation_cancels_the_run_without_marking_success" time="0.225" /><testcase classname="tests.runtime.test_runner" name="test_reconciliation_cannot_replace_a_human_decision" time="0.347" /><testcase classname="tests.runtime.test_runner" name="test_reconciliation_cannot_revive_a_terminal_run" time="0.205" /><testcase classname="tests.runtime.test_runner" name="test_reconciled_success_after_cancel_finishes_the_run_as_cancelled" time="0.195" /><testcase classname="tests.runtime.test_runner" name="test_reconciled_success_respects_a_paused_run_control_intent" time="0.206" /><testcase classname="tests.runtime.test_runner" name="test_resume_reconciled_attempt_rechecks_the_frozen_definition" time="0.223" /><testcase classname="tests.runtime.test_runner" name="test_reconciled_resume_uses_the_persisted_plan_for_next_node" time="0.183" /><testcase classname="tests.runtime.test_runner" name="test_reconciled_resume_rejects_a_run_without_persisted_continuation" time="0.185" /><testcase classname="tests.runtime.test_runner" name="test_reconciled_success_does_not_drive_a_different_current_node_scope" time="0.181" /><testcase classname="tests.runtime.test_runner" name="test_resume_uses_the_persisted_scope_for_the_current_node" time="0.316" /><testcase classname="tests.runtime.test_runner" name="test_reconciled_not_started_retries_same_invocation_with_new_dispatch_key" time="0.398" /><testcase classname="tests.runtime.test_runner" name="test_reconciled_not_started_does_not_exceed_frozen_max_attempts" time="0.203" /><testcase classname="tests.runtime.test_runner" name="test_reconciled_not_started_honors_cancel_control_intent" time="0.203" /><testcase classname="tests.runtime.test_runner" name="test_reconciled_not_started_preserves_pause_before_retry_dispatch" time="0.312" /><testcase classname="tests.runtime.test_runner" name="test_retry_wait_is_persisted_and_resumes_after_restart" time="0.449" /><testcase classname="tests.runtime.test_runner" name="test_retry_wait_honors_cancel_control_intent" time="0.232" /><testcase classname="tests.runtime.test_runner" name="test_worker_sweep_resumes_a_due_retry_wait_after_restart" time="0.440" /><testcase classname="tests.runtime.test_runner" name="test_worker_sweep_resumes_pending_human_progress_intent" time="0.428" /><testcase classname="tests.runtime.test_runner" name="test_determined_executor_failure_routes_through_on_error_with_error_output" time="0.237" /><testcase classname="tests.runtime.test_runner" name="test_confirmed_failure_routes_after_reconciliation_but_unknown_stays_blocked" time="0.206" /><testcase classname="tests.runtime.test_runner" name="test_rerun_creates_a_new_waiting_run_without_reusing_the_approval" time="0.562" /><testcase classname="tests.runtime.test_runner" name="test_repeat_runs_each_iteration_in_an_independent_scope" time="0.304" /><testcase classname="tests.runtime.test_runner" name="test_repeat_fails_when_the_iteration_limit_is_reached" time="0.259" /><testcase classname="tests.runtime.test_runner" name="test_repeat_limit_failure_persists_error_output_for_on_error_handler" time="0.285" /><testcase classname="tests.runtime.test_runner" name="test_repeat_projection_keeps_each_child_scope_and_its_frozen_nodes" time="0.286" /><testcase classname="tests.runtime.test_runner" name="test_repeat_creates_a_new_human_request_for_each_iteration" time="0.352" /><testcase classname="tests.runtime.test_runner" name="test_repeat_preflights_child_workflow_executors_before_recording_a_run" time="0.120" /><testcase classname="tests.runtime.test_runner" name="test_content_delivery_passes_two_agent_outputs_to_human_review" time="0.281" /><testcase classname="tests.runtime.test_runner" name="test_runner_uses_an_injected_registry_when_compiling_a_binding" time="0.146" /><testcase classname="tests.runtime.test_runner" name="test_human_decision_rejects_a_tampered_artifact_in_its_request" time="0.396" /><testcase classname="tests.runtime.test_runner" name="test_runner_blocks_critic_dispatch_when_producer_artifact_is_tampered" time="0.278" /><testcase classname="tests.runtime.test_runner" name="test_human_decision_accepts_persisted_two_agent_artifact_material" time="0.339" /><testcase classname="tests.runtime.test_runner" name="test_runner_registers_a_generated_agent_artifact" time="0.301" /><testcase classname="tests.runtime.test_runner" name="test_runner_fails_an_invalid_generated_artifact_without_registering_it" time="0.212" /><testcase classname="tests.runtime.test_runner" name="test_runner_revalidates_output_after_injecting_generated_artifact_ref" time="0.288" /><testcase classname="tests.runtime.test_runner" name="test_repeated_decision_command_does_not_replay_downstream_nodes" time="0.366" /><testcase classname="tests.runtime.test_runner" name="test_repeated_decision_resumes_a_persisted_decision_after_process_exit" time="0.450" /><testcase classname="tests.runtime.test_runner" name="test_unavailable_adapter_is_rejected_before_a_run_is_recorded" time="0.144" /><testcase classname="tests.runtime.test_runner" name="test_resume_blocks_a_binding_digest_that_changed_after_run_start" time="0.392" /><testcase classname="tests.runtime.test_runner" name="test_nested_workflow_node_persists_child_scope_and_returns_output" time="0.192" /><testcase classname="tests.runtime.test_runner" name="test_parallel_runs_static_branches_and_joins_by_branch_id" time="0.281" /><testcase classname="tests.runtime.test_runner" name="test_parallel_failure_does_not_report_success" time="0.231" /><testcase classname="tests.runtime.test_runner" name="test_input_human_request_accepts_a_structured_artifact_result" time="0.284" /><testcase classname="tests.runtime.test_runner" name="test_input_human_request_rejects_an_unknown_artifact" time="0.289" /><testcase classname="tests.runtime.test_worker" name="test_worker_once_processes_due_waits_and_returns_idle_cycle" time="0.347" /><testcase classname="tests.runtime.test_worker" name="test_worker_recovers_stale_claimed_wait_after_restart" time="0.411" /><testcase classname="tests.runtime.test_worker" name="test_worker_lock_allows_only_one_active_worker" time="0.146" /><testcase classname="tests.runtime.test_worker" name="test_worker_close_releases_lock" time="0.214" /><testcase classname="tests.service.test_application" name="test_create_run_is_persisted_and_idempotent" time="0.163" /><testcase classname="tests.service.test_application" name="test_artifact_metadata_and_content_are_read_only_and_digest_checked" time="0.187" /><testcase classname="tests.service.test_application" name="test_read_models_expose_invocations_and_human_requests_with_namespace_checks" time="0.348" /><testcase classname="tests.service.test_application" name="test_command_receipt_survives_application_restart" time="0.307" /><testcase classname="tests.service.test_application" name="test_reusing_command_key_with_different_request_is_a_conflict" time="0.201" /><testcase classname="tests.service.test_application" name="test_accepted_create_command_is_resumed_with_original_run_id" time="0.268" /><testcase classname="tests.service.test_application" name="test_control_rejects_a_stale_run_version" time="0.402" /><testcase classname="tests.service.test_application" name="test_new_control_key_cannot_reuse_a_version_already_consumed_by_another_command" time="0.175" /><testcase classname="tests.service.test_application" name="test_control_replay_uses_the_original_transition_record" time="0.308" /><testcase classname="tests.service.test_application" name="test_control_replay_keeps_original_resource_version_after_later_transition" time="0.184" /><testcase classname="tests.service.test_application" name="test_run_create_command_records_the_created_resource_transition" time="0.167" /><testcase classname="tests.service.test_application" name="test_accepted_pause_command_is_resumed_after_process_interruption" time="0.285" /><testcase classname="tests.service.test_application" name="test_reconciled_retry_command_is_resumed_after_process_interruption" time="0.441" /><testcase classname="tests.service.test_application" name="test_attempt_version_conflict_exposes_expected_and_actual_versions" time="0.371" /><testcase classname="tests.service.test_application" name="test_command_query_is_hidden_from_another_authenticated_subject" time="0.239" /><testcase classname="tests.service.test_application" name="test_reconcile_attempt_is_idempotent_and_records_authenticated_actor" time="0.376" /><testcase classname="tests.service.test_application" name="test_reconcile_idempotency_key_is_scoped_by_authenticated_subject" time="0.409" /><testcase classname="tests.service.test_application" name="test_accepted_reconcile_command_is_resumed_after_process_interruption" time="0.436" /><testcase classname="tests.service.test_application" name="test_accepted_human_decision_command_is_resumed_after_process_interruption" time="0.434" /><testcase classname="tests.service.test_application" name="test_human_decision_recovery_drives_persisted_next_node" time="0.431" /><testcase classname="tests.service.test_contracts" name="test_run_create_request_requires_deployment_fields" time="0.001" /><testcase classname="tests.service.test_contracts" name="test_command_receipt_is_accepted_until_runtime_processes_it" time="0.001" /><testcase classname="tests.service.test_contracts" name="test_attempt_reconcile_request_requires_evidence_and_supported_conclusion" time="0.001" /><testcase classname="tests.test_cli_smoke" name="test_cli_exposes_version" time="0.010" /></testsuite></testsuites>